::1 - - [23/Jul/2019:18:27:16 +0700] "GET / HTTP/1.1" 200 41036
::1 - - [23/Jul/2019:18:27:16 +0700] "GET /apachehaus.ico HTTP/1.1" 200 4286
::1 - - [23/Jul/2019:18:27:17 +0700] "GET / HTTP/1.1" 304 -
::1 - - [23/Jul/2019:18:27:17 +0700] "GET /apachehaus.ico HTTP/1.1" 200 4286
::1 - - [25/Mar/2022:05:25:38 +0200] "GET /phpmyadmin/index.php HTTP/1.1" 200 3465
::1 - - [25/Mar/2022:05:25:44 +0200] "GET /phpmyadmin HTTP/1.1" 301 236
::1 - - [25/Mar/2022:05:25:44 +0200] "GET /phpmyadmin/ HTTP/1.1" 200 3463
::1 - - [25/Mar/2022:05:25:49 +0200] "POST /phpmyadmin/index.php HTTP/1.1" 200 3506
::1 - - [25/Mar/2022:05:25:55 +0200] "POST /phpmyadmin/index.php HTTP/1.1" 302 20
::1 - - [25/Mar/2022:05:25:56 +0200] "GET /phpmyadmin/index.php HTTP/1.1" 200 13728
::1 - - [25/Mar/2022:05:25:56 +0200] "GET /phpmyadmin/themes/pmahomme/img/logo_left.png HTTP/1.1" 200 2713
::1 - - [25/Mar/2022:05:25:56 +0200] "GET /phpmyadmin/phpmyadmin.css.php?nocache=4786255243ltr&server=1 HTTP/1.1" 200 20812
::1 - - [25/Mar/2022:05:25:56 +0200] "GET /phpmyadmin/themes/pmahomme/img/left_nav_bg.png HTTP/1.1" 200 146
::1 - - [25/Mar/2022:05:25:56 +0200] "GET /phpmyadmin/themes/pmahomme/img/b_home.png HTTP/1.1" 200 734
::1 - - [25/Mar/2022:05:25:56 +0200] "GET /phpmyadmin/themes/pmahomme/img/s_loggoff.png HTTP/1.1" 200 626
::1 - - [25/Mar/2022:05:25:56 +0200] "GET /phpmyadmin/themes/pmahomme/img/b_sqlhelp.png HTTP/1.1" 200 512
::1 - - [25/Mar/2022:05:25:56 +0200] "GET /phpmyadmin/themes/pmahomme/img/s_cog.png HTTP/1.1" 200 442
::1 - - [25/Mar/2022:05:25:56 +0200] "GET /phpmyadmin/themes/pmahomme/img/b_docs.png HTTP/1.1" 200 705
::1 - - [25/Mar/2022:05:25:56 +0200] "GET /phpmyadmin/themes/pmahomme/img/s_reload.png HTTP/1.1" 200 527
::1 - - [25/Mar/2022:05:25:56 +0200] "GET /phpmyadmin/themes/pmahomme/img/s_link.png HTTP/1.1" 200 280
::1 - - [25/Mar/2022:05:25:56 +0200] "GET /phpmyadmin/themes/pmahomme/img/b_newdb.png HTTP/1.1" 200 585
::1 - - [25/Mar/2022:05:25:56 +0200] "GET /phpmyadmin/themes/pmahomme/img/s_db.png HTTP/1.1" 200 328
::1 - - [25/Mar/2022:05:25:56 +0200] "GET /phpmyadmin/themes/pmahomme/img/b_plus.png HTTP/1.1" 200 143
::1 - - [25/Mar/2022:05:25:56 +0200] "GET /phpmyadmin/themes/pmahomme/img/s_host.png HTTP/1.1" 200 591
::1 - - [25/Mar/2022:05:25:56 +0200] "GET /phpmyadmin/themes/pmahomme/img/b_sql.png HTTP/1.1" 200 680
::1 - - [25/Mar/2022:05:25:56 +0200] "GET /phpmyadmin/themes/pmahomme/img/s_status.png HTTP/1.1" 200 600
::1 - - [25/Mar/2022:05:25:56 +0200] "GET /phpmyadmin/themes/pmahomme/img/s_rights.png HTTP/1.1" 200 461
::1 - - [25/Mar/2022:05:25:56 +0200] "GET /phpmyadmin/themes/pmahomme/img/b_export.png HTTP/1.1" 200 514
::1 - - [25/Mar/2022:05:25:56 +0200] "GET /phpmyadmin/themes/pmahomme/img/b_import.png HTTP/1.1" 200 556
::1 - - [25/Mar/2022:05:25:56 +0200] "GET /phpmyadmin/themes/pmahomme/img/b_tblops.png HTTP/1.1" 200 537
::1 - - [25/Mar/2022:05:25:56 +0200] "GET /phpmyadmin/themes/pmahomme/img/s_tbl.png HTTP/1.1" 200 645
::1 - - [25/Mar/2022:05:25:56 +0200] "GET /phpmyadmin/themes/pmahomme/img/s_replication.png HTTP/1.1" 200 399
::1 - - [25/Mar/2022:05:25:56 +0200] "GET /phpmyadmin/themes/pmahomme/img/s_vars.png HTTP/1.1" 200 523
::1 - - [25/Mar/2022:05:25:56 +0200] "GET /phpmyadmin/themes/pmahomme/img/s_asci.png HTTP/1.1" 200 148
::1 - - [25/Mar/2022:05:25:56 +0200] "GET /phpmyadmin/themes/pmahomme/img/b_engine.png HTTP/1.1" 200 398
::1 - - [25/Mar/2022:05:25:56 +0200] "GET /phpmyadmin/themes/pmahomme/img/b_plugin.png HTTP/1.1" 200 512
::1 - - [25/Mar/2022:05:25:56 +0200] "GET /phpmyadmin/themes/pmahomme/img/s_top.png HTTP/1.1" 200 220
::1 - - [25/Mar/2022:05:25:56 +0200] "GET /phpmyadmin/themes/pmahomme/img/console.png HTTP/1.1" 200 292
::1 - - [25/Mar/2022:05:25:56 +0200] "GET /phpmyadmin/themes/pmahomme/img/s_passwd.png HTTP/1.1" 200 331
::1 - - [25/Mar/2022:05:25:56 +0200] "GET /phpmyadmin/themes/pmahomme/img/s_lang.png HTTP/1.1" 200 659
::1 - - [25/Mar/2022:05:25:56 +0200] "GET /phpmyadmin/themes/pmahomme/img/s_theme.png HTTP/1.1" 200 772
::1 - - [25/Mar/2022:05:25:56 +0200] "GET /phpmyadmin/themes/pmahomme/img/s_notice.png HTTP/1.1" 200 567
::1 - - [25/Mar/2022:05:25:56 +0200] "GET /phpmyadmin/themes/pmahomme/img/window-new.png HTTP/1.1" 200 468
::1 - - [25/Mar/2022:05:25:57 +0200] "POST /phpmyadmin/ajax.php HTTP/1.1" 200 1421
::1 - - [25/Mar/2022:05:25:57 +0200] "GET /phpmyadmin/themes/pmahomme/img/b_more.png HTTP/1.1" 200 111
::1 - - [25/Mar/2022:05:25:57 +0200] "POST /phpmyadmin/navigation.php?ajax_request=1 HTTP/1.1" 200 2037
::1 - - [25/Mar/2022:05:25:57 +0200] "POST /phpmyadmin/ajax.php HTTP/1.1" 200 1514
::1 - - [25/Mar/2022:05:25:57 +0200] "POST /phpmyadmin/ajax.php HTTP/1.1" 200 1412
::1 - - [25/Mar/2022:05:25:57 +0200] "POST /phpmyadmin/version_check.php HTTP/1.1" 200 28
::1 - - [25/Mar/2022:05:29:07 +0200] "GET /phpinfo HTTP/1.1" 404 196
::1 - - [25/Mar/2022:05:29:12 +0200] "GET /phpinfo.php HTTP/1.1" 200 95248
::1 - - [25/Mar/2022:05:30:07 +0200] "-" 408 -
